<?xml version="1.0" encoding="UTF-8"?>
<testsuite xmlns:xsi="http://www.w3.org/2001/XMLSchema-instance" xsi:noNamespaceSchemaLocation="https://maven.apache.org/surefire/maven-surefire-plugin/xsd/surefire-test-report-3.0.xsd" version="3.0" name="com.jamiromic.SpringBootSecurityJwtMongodbApplicationTests" time="8.23" tests="1" errors="0" skipped="0" failures="0">
  <properties>
[...]
</properties>
  <testcase name="contextLoads" classname="com.jamiromic.SpringBootSecurityJwtMongodbApplicationTests" time="1.578">
    <system-out><![CDATA[2023-10-27T19:17:02.250+02:00  INFO   --- [           main] t.c.s.AnnotationConfigContextLoaderUtils : Could not detect default configuration classes for test class [com.jamiromic.SpringBootSecurityJwtMongodbApplicationTests]: SpringBootSecurityJwtMongodbApplicationTests does not declare any static, non-private, non-final, nested classes annotated with @Configuration.
2023-10-27T19:17:02.392+02:00  INFO   --- [           main] .b.t.c.SpringBootTestContextBootstrapper : Found @SpringBootConfiguration com.jamiromic.TodoListApplication for test class com.jamiromic.SpringBootSecurityJwtMongodbApplicationTests

  .   ____          _            __ _ _
 /\\ / ___'_ __ _ _(_)_ __  __ _ \ \ \ \
( ( )\___ | '_ | '_| | '_ \/ _` | \ \ \ \
 \\/  ___)| |_)| | | | | || (_| |  ) ) ) )
  '  |____| .__|_| |_|_| |_\__, | / / / /
 =========|_|==============|___/=/_/_/_/
 :: Spring Boot ::                (v3.1.0)

2023-10-27T19:17:02.944+02:00  INFO 8404 --- [           main] ngBootSecurityJwtMongodbApplicationTests : Starting SpringBootSecurityJwtMongodbApplicationTests using Java 17.0.6 with PID 8404 (started by jamir in C:\Users\jamir\Desktop\Projects\todolist_react_spring_mongodb\backend)
2023-10-27T19:17:02.945+02:00 DEBUG 8404 --- [           main] ngBootSecurityJwtMongodbApplicationTests : Running with Spring Boot v3.1.0, Spring v6.0.9
2023-10-27T19:17:02.948+02:00  INFO 8404 --- [           main] ngBootSecurityJwtMongodbApplicationTests : No active profile set, falling back to 1 default profile: "default"
2023-10-27T19:17:04.085+02:00  INFO 8404 --- [           main] .s.d.r.c.RepositoryConfigurationDelegate : Bootstrapping Spring Data MongoDB repositories in DEFAULT mode.
2023-10-27T19:17:04.168+02:00  INFO 8404 --- [           main] .s.d.r.c.RepositoryConfigurationDelegate : Finished Spring Data repository scanning in 72 ms. Found 3 MongoDB repository interfaces.
2023-10-27T19:17:04.940+02:00  INFO 8404 --- [           main] org.mongodb.driver.client                : MongoClient with metadata {"driver": {"name": "mongo-java-driver|sync|spring-boot", "version": "4.9.1"}, "os": {"type": "Windows", "name": "Windows 11", "architecture": "amd64", "version": "10.0"}, "platform": "Java/Oracle Corporation/17.0.6+9-LTS-190"} created with settings MongoClientSettings{readPreference=primary, writeConcern=WriteConcern{w=null, wTimeout=null ms, journal=null}, retryWrites=true, retryReads=true, readConcern=ReadConcern{level=null}, credential=null, streamFactoryFactory=null, commandListeners=[], codecRegistry=ProvidersCodecRegistry{codecProviders=[ValueCodecProvider{}, BsonValueCodecProvider{}, DBRefCodecProvider{}, DBObjectCodecProvider{}, DocumentCodecProvider{}, CollectionCodecProvider{}, IterableCodecProvider{}, MapCodecProvider{}, GeoJsonCodecProvider{}, GridFSFileCodecProvider{}, Jsr310CodecProvider{}, JsonObjectCodecProvider{}, BsonCodecProvider{}, EnumCodecProvider{}, com.mongodb.client.model.mql.ExpressionCodecProvider@4cffd3fd, com.mongodb.Jep395RecordCodecProvider@14b31e37]}, loggerSettings=LoggerSettings{maxDocumentLength=1000}, clusterSettings={hosts=[localhost:27017], srvServiceName=mongodb, mode=SINGLE, requiredClusterType=UNKNOWN, requiredReplicaSetName='null', serverSelector='null', clusterListeners='[]', serverSelectionTimeout='30000 ms', localThreshold='30000 ms'}, socketSettings=SocketSettings{connectTimeoutMS=10000, readTimeoutMS=0, receiveBufferSize=0, sendBufferSize=0}, heartbeatSocketSettings=SocketSettings{connectTimeoutMS=10000, readTimeoutMS=10000, receiveBufferSize=0, sendBufferSize=0}, connectionPoolSettings=ConnectionPoolSettings{maxSize=100, minSize=0, maxWaitTimeMS=120000, maxConnectionLifeTimeMS=0, maxConnectionIdleTimeMS=0, maintenanceInitialDelayMS=0, maintenanceFrequencyMS=60000, connectionPoolListeners=[], maxConnecting=2}, serverSettings=ServerSettings{heartbeatFrequencyMS=10000, minHeartbeatFrequencyMS=500, serverListeners='[]', serverMonitorListeners='[]'}, sslSettings=SslSettings{enabled=false, invalidHostNameAllowed=false, context=null}, applicationName='null', compressorList=[], uuidRepresentation=JAVA_LEGACY, serverApi=null, autoEncryptionSettings=null, contextProvider=null}
2023-10-27T19:17:05.004+02:00  INFO 8404 --- [localhost:27017] org.mongodb.driver.cluster               : Monitor thread successfully connected to server with description ServerDescription{address=localhost:27017, type=STANDALONE, state=CONNECTED, ok=true, minWireVersion=0, maxWireVersion=21, maxDocumentSize=16777216, logicalSessionTimeoutMinutes=30, roundTripTimeNanos=54620000}
2023-10-27T19:17:07.669+02:00  INFO 8404 --- [           main] o.s.s.web.DefaultSecurityFilterChain     : Will secure any request with [org.springframework.security.web.session.DisableEncodeUrlFilter@7f53fc38, org.springframework.security.web.context.request.async.WebAsyncManagerIntegrationFilter@5feb82b3, org.springframework.security.web.context.SecurityContextHolderFilter@fd87c22, org.springframework.security.web.header.HeaderWriterFilter@334b392d, org.springframework.security.web.authentication.logout.LogoutFilter@173b1af1, com.jamiromic.securityauth.security.jwt.AuthTokenFilter@2d38db6f, org.springframework.security.web.savedrequest.RequestCacheAwareFilter@1ff463bb, org.springframework.security.web.servletapi.SecurityContextHolderAwareRequestFilter@3b9c9b8b, org.springframework.security.web.authentication.AnonymousAuthenticationFilter@37cf91d8, org.springframework.security.web.session.SessionManagementFilter@7bce9ce4, org.springframework.security.web.access.ExceptionTranslationFilter@5273143e, org.springframework.security.web.access.intercept.AuthorizationFilter@25d0b918]
2023-10-27T19:17:08.375+02:00  INFO 8404 --- [           main] ngBootSecurityJwtMongodbApplicationTests : Started SpringBootSecurityJwtMongodbApplicationTests in 5.769 seconds (process running for 7.143)
]]></system-out>
  </testcase>
</testsuite>